<?xml version="1.0" encoding="UTF-8"?>
<testsuite name="filab.e1.E1Testing" tests="1" skipped="0" failures="0" errors="0" timestamp="2023-10-18T23:05:16" hostname="Mauricios-MacBook-Pro.local" time="10.344">
  <properties/>
  <testcase name="createUpdateDeleteProject()" classname="filab.e1.E1Testing" time="10.344"/>
  <system-out><![CDATA[Request method:	POST
Request URI:	https://todo.ly/api/user.json
Proxy:			<none>
Request params:	<none>
Query params:	<none>
Form params:	<none>
Path params:	<none>
Headers:		Accept=*/*
				Content-Type=text/plain; charset=ISO-8859-1
Cookies:		<none>
Multiparts:		<none>
Body:
{"Email":"abelardooo3324@abelardo.com","FullName":"Abelardo","Password":"12345"}
HTTP/1.1 200 OK
Cache-Control: no-cache, no-store, must-revalidate
Pragma: no-cache
Content-Type: application/json; charset=utf-8
Expires: -1
Server: Microsoft-IIS/8.0
Set-Cookie: ASP.NET_SessionId=s5ksugt3eo0dphgbdjllzqke; path=/; HttpOnly; SameSite=Lax
X-AspNetMvc-Version: 2.0
X-AspNet-Version: 4.0.30319
X-Powered-By: ASP.NET
Date: Wed, 18 Oct 2023 23:05:18 GMT
Content-Length: 300

{
    "Id": 751145,
    "Email": "abelardooo3324@abelardo.com",
    "Password": null,
    "FullName": "Abelardo",
    "TimeZone": 0,
    "IsProUser": false,
    "DefaultProjectId": 4152195,
    "AddItemMoreExpanded": false,
    "EditDueDateMoreExpanded": false,
    "ListSortType": 0,
    "FirstDayOfWeek": 0,
    "NewTaskDueDate": -1,
    "TimeZoneId": "Pacific Standard Time"
}
Request method:	GET
Request URI:	https://todo.ly/api/authentication/token.json
Proxy:			<none>
Request params:	<none>
Query params:	<none>
Form params:	<none>
Path params:	<none>
Headers:		Authorization=Basic YWJlbGFyZG9vbzMzMjRAYWJlbGFyZG8uY29tOjEyMzQ1
				Accept=*/*
Cookies:		<none>
Multiparts:		<none>
Body:			<none>
HTTP/1.1 200 OK
Cache-Control: no-cache, no-store, must-revalidate
Pragma: no-cache
Content-Type: application/json; charset=utf-8
Expires: -1
Server: Microsoft-IIS/8.0
Set-Cookie: ASP.NET_SessionId=w0e3gdjxl2wl2oajyzkjzopq; path=/; HttpOnly; SameSite=Lax
X-AspNetMvc-Version: 2.0
X-AspNet-Version: 4.0.30319
X-Powered-By: ASP.NET
Date: Wed, 18 Oct 2023 23:05:19 GMT
Content-Length: 135

{
    "TokenString": "8e1383d91e7d402a8a4e28be64f02bd6",
    "UserEmail": "abelardooo3324@abelardo.com",
    "ExpirationTime": "/Date(1697688320840)/"
}
Request method:	POST
Request URI:	https://todo.ly/api/projects.json
Proxy:			<none>
Request params:	<none>
Query params:	<none>
Form params:	<none>
Path params:	<none>
Headers:		Token=8e1383d91e7d402a8a4e28be64f02bd6
				Accept=*/*
				Content-Type=text/plain; charset=ISO-8859-1
Cookies:		<none>
Multiparts:		<none>
Body:
{"Content":"P1"}
HTTP/1.1 200 OK
Cache-Control: no-cache, no-store, must-revalidate
Pragma: no-cache
Content-Type: application/json; charset=utf-8
Expires: -1
Server: Microsoft-IIS/8.0
Set-Cookie: ASP.NET_SessionId=vwjprdnlae4tjvi3swhwegok; path=/; HttpOnly; SameSite=Lax
X-AspNetMvc-Version: 2.0
X-AspNet-Version: 4.0.30319
X-Powered-By: ASP.NET
Date: Wed, 18 Oct 2023 23:05:22 GMT
Content-Length: 390

{
    "Id": 4152201,
    "Content": "P1",
    "ItemsCount": 0,
    "Icon": 0,
    "ItemType": 2,
    "ParentId": null,
    "Collapsed": false,
    "ItemOrder": 6,
    "Children": [
        
    ],
    "IsProjectShared": false,
    "ProjectShareOwnerName": null,
    "ProjectShareOwnerEmail": null,
    "IsShareApproved": false,
    "IsOwnProject": true,
    "LastSyncedDateTime": "/Date(1697670322104)/",
    "LastUpdatedDate": "/Date(1697670322090)/",
    "Deleted": false,
    "SyncClientCreationId": null
}
Request method:	POST
Request URI:	https://todo.ly/api/projects.json
Proxy:			<none>
Request params:	<none>
Query params:	<none>
Form params:	<none>
Path params:	<none>
Headers:		Token=
				Accept=*/*
				Content-Type=text/plain; charset=ISO-8859-1
Cookies:		<none>
Multiparts:		<none>
Body:
{"Content":"P2"}
HTTP/1.1 200 OK
Cache-Control: no-cache, no-store, must-revalidate
Pragma: no-cache
Content-Type: application/json; charset=utf-8
Expires: -1
Server: Microsoft-IIS/8.0
Set-Cookie: ASP.NET_SessionId=nzb4emslyqtrgqoa34imh32b; path=/; HttpOnly; SameSite=Lax
X-AspNetMvc-Version: 2.0
X-AspNet-Version: 4.0.30319
X-Powered-By: ASP.NET
Date: Wed, 18 Oct 2023 23:05:23 GMT
Content-Length: 52

{
    "ErrorMessage": "Not Authenticated",
    "ErrorCode": 102
}
Request method:	GET
Request URI:	https://todo.ly/api/authentication/token.json
Proxy:			<none>
Request params:	<none>
Query params:	<none>
Form params:	<none>
Path params:	<none>
Headers:		Authorization=Basic YWJlbGFyZG9vbzMzMjRAYWJlbGFyZG8uY29tOjEyMzQ1
				Token=
				Accept=*/*
Cookies:		<none>
Multiparts:		<none>
Body:			<none>
HTTP/1.1 200 OK
Cache-Control: no-cache, no-store, must-revalidate
Pragma: no-cache
Content-Type: application/json; charset=utf-8
Expires: -1
Server: Microsoft-IIS/8.0
Set-Cookie: ASP.NET_SessionId=sxmc3dd5umb3rwmmpzgretis; path=/; HttpOnly; SameSite=Lax
X-AspNetMvc-Version: 2.0
X-AspNet-Version: 4.0.30319
X-Powered-By: ASP.NET
Date: Wed, 18 Oct 2023 23:05:24 GMT
Content-Length: 135

{
    "TokenString": "4e7f9eb690fe4ff5ab905f51f31786e2",
    "UserEmail": "abelardooo3324@abelardo.com",
    "ExpirationTime": "/Date(1697688324430)/"
}
Request method:	GET
Request URI:	https://todo.ly/api/projects.json
Proxy:			<none>
Request params:	<none>
Query params:	<none>
Form params:	<none>
Path params:	<none>
Headers:		Token=4e7f9eb690fe4ff5ab905f51f31786e2
				Accept=*/*
Cookies:		<none>
Multiparts:		<none>
Body:			<none>
HTTP/1.1 200 OK
Cache-Control: no-cache, no-store, must-revalidate
Pragma: no-cache
Content-Type: application/json; charset=utf-8
Expires: -1
Server: Microsoft-IIS/8.0
Set-Cookie: ASP.NET_SessionId=ezwvrfpci0uxrvoq5canx0bn; path=/; HttpOnly; SameSite=Lax
X-AspNetMvc-Version: 2.0
X-AspNet-Version: 4.0.30319
X-Powered-By: ASP.NET
Date: Wed, 18 Oct 2023 23:05:25 GMT
Content-Length: 2776

[
    {
        "Id": 4152195,
        "Content": "Work",
        "ItemsCount": 0,
        "Icon": 10,
        "ItemType": 2,
        "ParentId": null,
        "Collapsed": false,
        "ItemOrder": 1,
        "Children": [
            {
                "Id": 4152196,
                "Content": "Sub Project",
                "ItemsCount": 0,
                "Icon": 10,
                "ItemType": 2,
                "ParentId": 4152195,
                "Collapsed": false,
                "ItemOrder": 1,
                "Children": [
                    
                ],
                "IsProjectShared": false,
                "ProjectShareOwnerName": null,
                "ProjectShareOwnerEmail": null,
                "IsShareApproved": false,
                "IsOwnProject": true,
                "LastSyncedDateTime": "/Date(1697670325583)/",
                "LastUpdatedDate": "/Date(1697670318767)/",
                "Deleted": false,
                "SyncClientCreationId": null
            }
        ],
        "IsProjectShared": false,
        "ProjectShareOwnerName": null,
        "ProjectShareOwnerEmail": null,
        "IsShareApproved": false,
        "IsOwnProject": true,
        "LastSyncedDateTime": "/Date(1697670325583)/",
        "LastUpdatedDate": "/Date(1697670318750)/",
        "Deleted": false,
        "SyncClientCreationId": null
    },
    {
        "Id": 4152197,
        "Content": "Home",
        "ItemsCount": 0,
        "Icon": 1,
        "ItemType": 2,
        "ParentId": null,
        "Collapsed": false,
        "ItemOrder": 2,
        "Children": [
            
        ],
        "IsProjectShared": false,
        "ProjectShareOwnerName": null,
        "ProjectShareOwnerEmail": null,
        "IsShareApproved": false,
        "IsOwnProject": true,
        "LastSyncedDateTime": "/Date(1697670325583)/",
        "LastUpdatedDate": "/Date(1697670318767)/",
        "Deleted": false,
        "SyncClientCreationId": null
    },
    {
        "Id": 4152198,
        "Content": "Study",
        "ItemsCount": 0,
        "Icon": 4,
        "ItemType": 2,
        "ParentId": null,
        "Collapsed": false,
        "ItemOrder": 3,
        "Children": [
            
        ],
        "IsProjectShared": false,
        "ProjectShareOwnerName": null,
        "ProjectShareOwnerEmail": null,
        "IsShareApproved": false,
        "IsOwnProject": true,
        "LastSyncedDateTime": "/Date(1697670325583)/",
        "LastUpdatedDate": "/Date(1697670318767)/",
        "Deleted": false,
        "SyncClientCreationId": null
    },
    {
        "Id": 4152199,
        "Content": "Personal",
        "ItemsCount": 0,
        "Icon": 6,
        "ItemType": 2,
        "ParentId": null,
        "Collapsed": false,
        "ItemOrder": 4,
        "Children": [
            
        ],
        "IsProjectShared": false,
        "ProjectShareOwnerName": null,
        "ProjectShareOwnerEmail": null,
        "IsShareApproved": false,
        "IsOwnProject": true,
        "LastSyncedDateTime": "/Date(1697670325599)/",
        "LastUpdatedDate": "/Date(1697670318767)/",
        "Deleted": false,
        "SyncClientCreationId": null
    },
    {
        "Id": 4152200,
        "Content": "Shopping List",
        "ItemsCount": 0,
        "Icon": 14,
        "ItemType": 2,
        "ParentId": null,
        "Collapsed": false,
        "ItemOrder": 5,
        "Children": [
            
        ],
        "IsProjectShared": false,
        "ProjectShareOwnerName": null,
        "ProjectShareOwnerEmail": null,
        "IsShareApproved": false,
        "IsOwnProject": true,
        "LastSyncedDateTime": "/Date(1697670325599)/",
        "LastUpdatedDate": "/Date(1697670318767)/",
        "Deleted": false,
        "SyncClientCreationId": null
    },
    {
        "Id": 4152201,
        "Content": "P1",
        "ItemsCount": 0,
        "Icon": 0,
        "ItemType": 2,
        "ParentId": null,
        "Collapsed": false,
        "ItemOrder": 6,
        "Children": [
            
        ],
        "IsProjectShared": false,
        "ProjectShareOwnerName": null,
        "ProjectShareOwnerEmail": null,
        "IsShareApproved": false,
        "IsOwnProject": true,
        "LastSyncedDateTime": "/Date(1697670325599)/",
        "LastUpdatedDate": "/Date(1697670322090)/",
        "Deleted": false,
        "SyncClientCreationId": null
    }
]
]]></system-out>
  <system-err><![CDATA[]]></system-err>
</testsuite>
